<?xml version="1.0" encoding="UTF-8"?>
<testng-results ignored="0" total="1" passed="1" failed="0" skipped="0">
  <reporter-output>
  </reporter-output>
  <suite started-at="2024-01-03T22:47:11 IST" name="Default suite" finished-at="2024-01-03T22:47:23 IST" duration-ms="11615">
    <groups>
    </groups>
    <test started-at="2024-01-03T22:47:11 IST" name="Default test" finished-at="2024-01-03T22:47:23 IST" duration-ms="11615">
      <class name="com.Jtest.App">
        <test-method signature="jmain()[pri:0, instance:com.Jtest.App@20ccf40b]" started-at="2024-01-03T22:47:11 IST" name="jmain" finished-at="2024-01-03T22:47:23 IST" duration-ms="11539" status="PASS">
          <reporter-output>
          </reporter-output>
        </test-method> <!-- jmain -->
      </class> <!-- com.Jtest.App -->
    </test> <!-- Default test -->
  </suite> <!-- Default suite -->
</testng-results>
